Training log
Loading Excel files...
Loaded successfully.
Cleaned Master Clarity shape: (119325, 19)
High count: 1082
Validated CGM/POC pairs shape: (1194, 284)
Timestamp-ready validated pairs shape: (1193, 288)
Clean pair glucose values shape: (1192, 288)
CGM range: 54.0 to 376.0
POC range: 59.0 to 374.0
Building transformer sequences...
Transformer sequence shape: (117025, 36, 6)
Transformer label shape: (117025,)
Label counts: {np.int64(0): np.int64(116741), np.int64(1): np.int64(284)}
Training on device: cpu
Epoch 1/5, Loss: 0.3377
Epoch 2/5, Loss: 0.3071
Epoch 3/5, Loss: 0.3020
Epoch 4/5, Loss: 0.2981
Epoch 5/5, Loss: 0.3064

===== TRANSFORMER RESULTS =====
Confusion Matrix:
[[22623   725]
 [   36    21]]

Classification Report:
              precision    recall  f1-score   support

           0     0.9984    0.9689    0.9835     23348
           1     0.0282    0.3684    0.0523        57

    accuracy                         0.9675     23405
   macro avg     0.5133    0.6687    0.5179     23405
weighted avg     0.9960    0.9675    0.9812     23405


Additional Metrics:
Sensitivity (Recall): 0.3684
Specificity: 0.9689
AUROC: 0.8886
AUPRC: 0.0298
