Training log
Loading Excel files...
Loaded successfully.
Cleaned Master Clarity shape: (119325, 19)
High count: 1082
Cleaned Daily Insulin Dosing shape: (529, 7)
Cleaned Daily Nutrition shape: (528, 6)
Building transformer sequences...
Transformer sequence shape: (117025, 36, 15)
Transformer label shape: (117025,)
Number of unique subjects: 100
Label counts: {np.int64(0): np.int64(116741), np.int64(1): np.int64(284)}
Train samples: 90405
Test samples: 26620
Train subjects: 80
Test subjects: 20
Fixed threshold: 0.9
Training on device: cpu
Epoch 1/5, Loss: 0.1513
Epoch 2/5, Loss: 0.1122
Epoch 3/5, Loss: 0.0982
Epoch 4/5, Loss: 0.1114
Epoch 5/5, Loss: 0.1058

===== FINAL RESULTS =====
Threshold: 0.9
Confusion Matrix:
[[26475   108]
 [    3    34]]

Classification Report:
              precision    recall  f1-score   support

           0     0.9999    0.9959    0.9979     26583
           1     0.2394    0.9189    0.3799        37

    accuracy                         0.9958     26620
   macro avg     0.6197    0.9574    0.6889     26620
weighted avg     0.9988    0.9958    0.9970     26620


Additional Metrics:
Sensitivity (Recall): 0.9189
Specificity: 0.9959
AUROC: 0.9979
AUPRC: 0.5081
